<?xml version="1.0" encoding="UTF-8"?>
<!-- Generated by org.testng.reporters.JUnitReportReporter -->
<testsuite hostname="MUSADE228726" name="com.edureka.testcase.ExecutionTest" tests="1" failures="0" timestamp="30 Aug 2016 17:57:31 GMT" time="30.670" errors="0">
  <testcase name="executeTestScriptReturnTrueIfCompleted" time="30.670" classname="com.edureka.testcase.ExecutionTest"/>
</testsuite> <!-- com.edureka.testcase.ExecutionTest -->
